"../../../Engine/Content/Functions/Engine_MaterialFunctions01/Opacity/CameraDepthFade.uasset" 0
"../../../Engine/Content/EngineMaterials/T_Default_Material_Grid_M.uasset" 1
"../../../Engine/Content/EngineMaterials/T_Default_Material_Grid_N.uasset" 2
"../../../Engine/Content/EngineMaterials/WorldGridMaterial.uasset" 3
"../../../../../../Users/theja/git/Dungeon2Official/Content/Meshes/NewBullet_StaticMesh.uasset" 4
"../../../../../../Users/theja/git/Dungeon2Official/Content/BluePrints/NewBulletBlueprint.uasset" 5
"../../../Engine/Content/EditorBlueprintResources/StandardMacros.uasset" 6
"../../../../../../Users/theja/git/Dungeon2Official/Content/Meshes/ElectricShock.uasset" 7
"../../../../../../Users/theja/git/Dungeon2Official/Content/Meshes/ElectricShock_StaticMesh.uasset" 8
"../../../../../../Users/theja/git/Dungeon2Official/Content/BluePrints/ElectricShockBlueprint.uasset" 9
"../../../Engine/Content/BasicShapes/BasicShapeMaterial.uasset" 10
"../../../Engine/Content/BasicShapes/Cube.uasset" 11
"../../../../../../Users/theja/git/Dungeon2Official/Content/ThirdPersonBP/Bullet.uasset" 12
"../../../../../../Users/theja/git/Dungeon2Official/Content/Meshes/Player.uasset" 13
"../../../../../../Users/theja/git/Dungeon2Official/Content/JemonPortion/DungeonUI/BlueprintsUI/PauseMenu.uasset" 14
"../../../../../../Users/theja/git/Dungeon2Official/Content/Meshes/NewPlayer_StaticMesh.uasset" 15
"../../../../../../Users/theja/git/Dungeon2Official/Content/BluePrints/NewCharacterBlueprint.uasset" 16
"../../../../../../Users/theja/git/Dungeon2Official/Content/Meshes/Enemy.uasset" 17
"../../../../../../Users/theja/git/Dungeon2Official/Content/AI/Bp_EnemyCharger.uasset" 18
"../../../../../../Users/theja/git/Dungeon2Official/Content/ThirdPersonBP/Blueprints/ThirdPersonCharacter.uasset" 19
"../../../../../../Users/theja/git/Dungeon2Official/Content/AI/Bp_EnemyChargerBoss.uasset" 20
"../../../../../../Users/theja/git/Dungeon2Official/Content/ThirdPersonBP/Default.uasset" 21
"../../../../../../Users/theja/git/Dungeon2Official/Content/ThirdPersonBP/red.uasset" 22
"../../../../../../Users/theja/git/Dungeon2Official/Content/ThirdPersonBP/enemyred.uasset" 23
"../../../../../../Users/theja/git/Dungeon2Official/Content/BluePrints/Player/SM_Player.uasset" 24
"../../../../../../Users/theja/git/Dungeon2Official/Content/Blueprints/Player/BP_Player.uasset" 25
"../../../../../../Users/theja/git/Dungeon2Official/Content/AI/Turret.uasset" 26
"../../../../../../Users/theja/git/Dungeon2Official/Content/AI/BluePrints/NewBulletBlueprint.uasset" 27
"../../../../../../Users/theja/git/Dungeon2Official/Content/AI/BluePrints/AI/Bp_EnemyChargerBoss.uasset" 28
"../../../../../../Users/theja/git/Dungeon2Official/Content/AI/BluePrints/AI/Turret.uasset" 29
"../../../../../../Users/theja/git/Dungeon2Official/Content/AI/BluePrints/Player/BP_Player.uasset" 30
"../../../../../../Users/theja/git/Dungeon2Official/Content/AI/BluePrints/Player/SM_Player.uasset" 31
"../../../../../../Users/theja/git/Dungeon2Official/Content/AI/BluePrints/Player/BluePrints/NewBulletBlueprint.uasset" 32
"../../../../../../Users/theja/git/Dungeon2Official/Content/StuffINeedOrSOmethingALongThoseLines/Bullet.uasset" 33
"../../../../../../Users/theja/git/Dungeon2Official/Content/AI/BluePrints/Player/BluePrints/NewCharacterBlueprint.uasset" 34
"../../../../../../Users/theja/git/Dungeon2Official/Content/AI/BluePrints/Player/Meshes/NewBullet_StaticMesh.uasset" 35
"../../../../../../Users/theja/git/Dungeon2Official/Content/AI/BluePrints/Player/Meshes/NewPlayer_StaticMesh.uasset" 36
"../../../../../../Users/theja/git/Dungeon2Official/Content/AI/BluePrints/Player/Meshes/Player.uasset" 37
"../../../../../../Users/theja/git/Dungeon2Official/Content/AI/BluePrints/Player/StuffINeedOrSOmethingALongThoseLines/Bullet.uasset" 38
"../../../../../../Users/theja/git/Dungeon2Official/Content/AI/Meshes/Enemy.uasset" 39
"../../../../../../Users/theja/git/Dungeon2Official/Content/AI/Meshes/NewBullet_StaticMesh.uasset" 40
"../../../../../../Users/theja/git/Dungeon2Official/Content/AI/Meshes/NewPlayer_StaticMesh.uasset" 41
"../../../../../../Users/theja/git/Dungeon2Official/Content/AI/Meshes/Player.uasset" 42
"../../../../../../Users/theja/git/Dungeon2Official/Content/AI/StuffINeedOrSOmethingALongThoseLines/Bullet.uasset" 43
"../../../../../../Users/theja/git/Dungeon2Official/Content/AI/ThirdPersonBP/Default.uasset" 44
"../../../../../../Users/theja/git/Dungeon2Official/Content/AI/ThirdPersonBP/enemyred.uasset" 45
"../../../../../../Users/theja/git/Dungeon2Official/Content/AI/ThirdPersonBP/red.uasset" 46
"../../../../../../Users/theja/git/Dungeon2Official/Content/BluePrints/Bullet2.uasset" 47
"../../../../../../Users/theja/git/Dungeon2Official/Content/BluePrints/TestFileThatsCompletelyUseless.uasset" 48
"../../../../../../Users/theja/git/Dungeon2Official/Content/BluePrints/JemonFail/JDoor1_StaticMesh.uasset" 49
"../../../../../../Users/theja/git/Dungeon2Official/Content/BluePrints/JemonFail/DoorInteractive.uasset" 50
"../../../../../../Users/theja/git/Dungeon2Official/Content/BluePrints/JemonFail/DoorKeyCard.uasset" 51
"../../../../../../Users/theja/git/Dungeon2Official/Content/BluePrints/JemonFail/Door_Prox.uasset" 52
"../../../../../../Users/theja/git/Dungeon2Official/Content/ColinSCTEST/NewMaterial.uasset" 53
"../../../../../../Users/theja/git/Dungeon2Official/Content/ColinSCTEST/NewParticleSystem.uasset" 54
"../../../../../../Users/theja/git/Dungeon2Official/Content/ColinsPort/MaterialsTP/SolidColors/GreenRoom.uasset" 55
"../../../../../../Users/theja/git/Dungeon2Official/Content/ColinsPort/MaterialsTP/Green1.uasset" 56
"../../../../../../Users/theja/git/Dungeon2Official/Content/JemonPortion/DungeonUI/LevelsUI/World_BuiltData.uasset" 57
"../../../../../../Users/theja/git/Dungeon2Official/Content/ROOM1-6DETAILSandMATS/Material/DungeonDoorColor.uasset" 58
"../../../../../../Users/theja/git/Dungeon2Official/Content/JemonPortion/Material/DungeonDoorColor.uasset" 59
"../../../../../../Users/theja/git/Dungeon2Official/Content/ROOM1-6DETAILSandMATS/Material/FloorColor.uasset" 60
"../../../../../../Users/theja/git/Dungeon2Official/Content/JemonPortion/Material/FloorColor.uasset" 61
"../../../../../../Users/theja/git/Dungeon2Official/Content/ROOM1-6DETAILSandMATS/Material/WallColor.uasset" 62
"../../../../../../Users/theja/git/Dungeon2Official/Content/JemonPortion/Material/WallColor.uasset" 63
"../../../../../../Users/theja/git/Dungeon2Official/Content/JemonPortion/Room1_Turret/DungeonDoor1_StaticMesh_Blueprint.uasset" 64
"../../../../../../Users/theja/git/Dungeon2Official/Content/ROOM1-6DETAILSandMATS/Room3_Entrance/RedDoorColor.uasset" 65
"../../../../../../Users/theja/git/Dungeon2Official/Content/ROOM1-6DETAILSandMATS/Room6_PillarPuzzle/RedDoorKeyColor.uasset" 66
"../../../../../../Users/theja/git/Dungeon2Official/Content/ROOM1-6DETAILSandMATS/Room6_PillarPuzzle/RedKey_StaticMesh.uasset" 67
"../../../../../../Users/theja/git/Dungeon2Official/Content/ROOM1-6DETAILSandMATS/Room6_PillarPuzzle/RedKey.uasset" 68
"../../../../../../Users/theja/git/Dungeon2Official/Content/ROOM1-6DETAILSandMATS/Room3_Entrance/GrandDungeonDoor_StaticMesh.uasset" 69
"../../../../../../Users/theja/git/Dungeon2Official/Content/ROOM1-6DETAILSandMATS/Room3_Entrance/RedDoor1.uasset" 70
"../../../../../../Users/theja/git/Dungeon2Official/Content/ROOM1-6DETAILSandMATS/Room3_Entrance/GrandDungeonDoor_StaticMesh_Blueprint.uasset" 71
"../../../../../../Users/theja/git/Dungeon2Official/Content/JemonPortion/Room3_Entrance/GrandDungeonDoor_StaticMesh_Blueprint.uasset" 72
"../../../../../../Users/theja/git/Dungeon2Official/Content/ROOM1-6DETAILSandMATS/Room6_PillarPuzzle/Dungeon_Puzzle_Code.uasset" 73
"../../../../../../Users/theja/git/Dungeon2Official/Content/ROOM1-6DETAILSandMATS/Room6_PillarPuzzle/Dungeon_Puzzle_Code_Mat.uasset" 74
"../../../../../../Users/theja/git/Dungeon2Official/Content/JemonPortion/Room6_PillarPuzzle/Dungeon_Puzzle_Code_Mat.uasset" 75
"../../../../../../Users/theja/git/Dungeon2Official/Content/ROOM1-6DETAILSandMATS/Room6_PillarPuzzle/GreenDoorKeyColor1.uasset" 76
"../../../../../../Users/theja/git/Dungeon2Official/Content/JemonPortion/Room6_PillarPuzzle/GreenDoorKeyColor1.uasset" 77
"../../../../../../Users/theja/git/Dungeon2Official/Content/ROOM1-6DETAILSandMATS/Room3_Entrance/GreenDoorColor.uasset" 78
"../../../../../../Users/theja/git/Dungeon2Official/Content/ROOM1-6DETAILSandMATS/Room6_PillarPuzzle/GreenKey.uasset" 79
"../../../../../../Users/theja/git/Dungeon2Official/Content/ROOM1-6DETAILSandMATS/Room6_PillarPuzzle/GreenKey_StaticMesh_Blueprint1.uasset" 80
"../../../../../../Users/theja/git/Dungeon2Official/Content/JemonPortion/Room6_PillarPuzzle/GreenKey_StaticMesh_Blueprint1.uasset" 81
"../../../../../../Users/theja/git/Dungeon2Official/Content/JemonPortion/Room6_PillarPuzzle/RedDoorKeyColor.uasset" 82
"../../../../../../Users/theja/git/Dungeon2Official/Content/ROOM1-6DETAILSandMATS/Room6_PillarPuzzle/RedKey_StaticMesh_Blueprint.uasset" 83
"../../../../../../Users/theja/git/Dungeon2Official/Content/JemonPortion/Room6_PillarPuzzle/RedKey_StaticMesh_Blueprint.uasset" 84
"../../../../../../Users/theja/git/Dungeon2Official/Content/Meshes/ElectrifiedMetal.uasset" 85
"../../../../../../Users/theja/git/Dungeon2Official/Content/NecessaryFiles/MainDungeonMap_BuiltData.uasset" 86
"../../../../../../Users/theja/git/Dungeon2Official/Content/NecessaryFiles/WallGenerator_StaticMesh.uasset" 87
"../../../../../../Users/theja/git/Dungeon2Official/Content/ROOM1-6DETAILSandMATS/Material/GrandDoorColor.uasset" 88
"../../../../../../Users/theja/git/Dungeon2Official/Content/ROOM1-6DETAILSandMATS/Material/PillarColor.uasset" 89
"../../../../../../Users/theja/git/Dungeon2Official/Content/ROOM1-6DETAILSandMATS/Material/PillarDoorColor.uasset" 90
"../../../../../../Users/theja/git/Dungeon2Official/Content/ROOM1-6DETAILSandMATS/Room6_PillarPuzzle/LockedPuzzleDoor_StaticMesh.uasset" 91
"../../../../../../Users/theja/git/Dungeon2Official/Content/ROOM1-6DETAILSandMATS/Room6_PillarPuzzle/Pillar1_StaticMesh.uasset" 92
"../../../../../../Users/theja/git/Dungeon2Official/Content/StevensEnemy/Bullet2.uasset" 93
"../../../../../../Users/theja/git/Dungeon2Official/Content/StuffINeedOrSOmethingALongThoseLines/Bullet2.uasset" 94
"../../../../../../Users/theja/git/Dungeon2Official/Content/ThirdPersonBP/enemy.uasset" 95
"../../../../../../Users/theja/git/Dungeon2Official/Content/ThirdPersonBP/NewBlueprint.uasset" 96
"../../../../../../Users/theja/git/Dungeon2Official/Content/Geometry/Meshes/CubeMaterial.uasset" 97
"../../../../../../Users/theja/git/Dungeon2Official/Content/Geometry/Meshes/1M_Cube.uasset" 98
"../../../../../../Users/theja/git/Dungeon2Official/Content/ThirdPersonBP/Projecto.uasset" 99
"../../../../../../Users/theja/git/Dungeon2Official/Content/ThirdPersonBP/StatProj.uasset" 100
"../../../../../../Users/theja/git/Dungeon2Official/Content/ThirdPersonBP/ThirdPersonOverview.uasset" 101
"../../../../../../Users/theja/git/Dungeon2Official/Content/ThirdPersonBP/Blueprints/ThirdPersonGameMode.uasset" 102
"../../../Engine/Content/Animation/DefaultAnimCurveCompressionSettings.uasset" 103
"../../../Engine/Content/ArtTools/RenderToTexture/Meshes/S_1_Unit_Plane.uasset" 104
"../../../Engine/Content/EngineMaterials/DefaultMaterial.uasset" 105
"../../../Engine/Content/BasicShapes/Cone.uasset" 106
"../../../Engine/Content/BasicShapes/Plane.uasset" 107
"../../../Engine/Content/BasicShapes/Sphere.uasset" 108
"../../../Engine/Content/EditorLandscapeResources/DataLayer.uasset" 109
"../../../Engine/Content/EditorMaterials/GizmoMaterial.uasset" 110
"../../../Engine/Content/EditorMaterials/MAT_Groups_Toggle.uasset" 111
"../../../Engine/Content/EditorMaterials/MAT_Groups_Visibility.uasset" 112
"../../../Engine/Content/EditorMaterials/PreviewShadowIndicator.uasset" 113
"../../../Engine/Content/EditorMaterials/PreviewShadowIndicatorMaterial.uasset" 114
"../../../Engine/Content/EditorMaterials/MatineeGroups/MAT_ColorTrack.uasset" 115
"../../../Engine/Content/EditorMaterials/MatineeGroups/MAT_Groups_Anim.uasset" 116
"../../../Engine/Content/EditorMaterials/MatineeGroups/MAT_Groups_AudioMaster.uasset" 117
"../../../Engine/Content/EditorMaterials/MatineeGroups/MAT_Groups_Director.uasset" 118
"../../../Engine/Content/EditorMaterials/MatineeGroups/MAT_Groups_Event.uasset" 119
"../../../Engine/Content/EditorMaterials/MatineeGroups/MAT_Groups_Fade.uasset" 120
"../../../Engine/Content/EditorMaterials/MatineeGroups/MAT_Groups_Float.uasset" 121
"../../../Engine/Content/EditorMaterials/MatineeGroups/MAT_Groups_Move.uasset" 122
"../../../Engine/Content/EditorMaterials/MatineeGroups/MAT_Groups_Slomo.uasset" 123
"../../../Engine/Content/EditorMaterials/MatineeGroups/MAT_Groups_Sound.uasset" 124
"../../../Engine/Content/EditorMaterials/MatineeGroups/MAT_Groups_Vector.uasset" 125
"../../../Engine/Content/EditorMaterials/ParticleSystems/PSysThumbnail_NoImage.uasset" 126
"../../../Engine/Content/EditorMaterials/ParticleSystems/PSysThumbnail_OOD.uasset" 127
"../../../Engine/Content/EditorMaterials/Camera/CineMat.uasset" 128
"../../../Engine/Content/EditorMaterials/Camera/MI_CineMat_Rig.uasset" 129
"../../../Engine/Content/EditorMeshes/Camera/SM_CraneRig_Arm.uasset" 130
"../../../Engine/Content/EditorMeshes/Camera/SM_CraneRig_Base.uasset" 131
"../../../Engine/Content/EditorMeshes/Camera/SM_CraneRig_Body.uasset" 132
"../../../Engine/Content/EditorMeshes/Camera/SM_CraneRig_Mount.uasset" 133
"../../../Engine/Content/EditorMeshes/Camera/SM_RailRig_Mount.uasset" 134
"../../../Engine/Content/EditorMeshes/Camera/SM_RailRig_Track.uasset" 135
"../../../Engine/Content/EditorResources/BSPVertex.uasset" 136
"../../../Engine/Content/EditorResources/EmptyActor.uasset" 137
"../../../Engine/Content/EditorResources/S_Actor.uasset" 138
"../../../Engine/Content/EditorResources/S_Note.uasset" 139
"../../../Engine/Content/EditorResources/S_Trigger.uasset" 140
"../../../Engine/Content/EditorResources/LightIcons/S_LightError.uasset" 141
"../../../Engine/Content/EditorResources/SequenceRecorder/Countdown.uasset" 142
"../../../Engine/Content/EditorResources/SequenceRecorder/RecordingIndicator.uasset" 143
"../../../Engine/Content/EditorSounds/Notifications/CompileFailed.uasset" 144
"../../../Engine/Content/EditorSounds/Notifications/CompileFailed_Cue.uasset" 145
"../../../Engine/Content/EditorSounds/Notifications/CompileSuccess.uasset" 146
"../../../Engine/Content/EditorSounds/Notifications/CompileStart_Cue.uasset" 147
"../../../Engine/Content/EditorSounds/Notifications/CompileSuccess_Cue.uasset" 148
"../../../Engine/Content/EngineDamageTypes/DmgTypeBP_Environmental.uasset" 149
"../../../Engine/Content/EngineDebugMaterials/HeatmapGradient.uasset" 150
"../../../Engine/Content/EngineDebugMaterials/BoneWeightMaterial.uasset" 151
"../../../Engine/Content/EngineDebugMaterials/ClothMaterial.uasset" 152
"../../../Engine/Content/EngineDebugMaterials/ClothMaterial_WF.uasset" 153
"../../../Engine/Content/EngineDebugMaterials/DebugEditorMaterial.uasset" 154
"../../../Engine/Content/EngineDebugMaterials/DebugMeshMaterial.uasset" 155
"../../../Engine/Content/EngineDebugMaterials/GeomMaterial.uasset" 156
"../../../Engine/Content/EngineDebugMaterials/M_SimpleTranslucent.uasset" 157
"../../../Engine/Content/EngineFonts/Faces/RobotoBold.uasset" 158
"../../../Engine/Content/EngineFonts/Faces/RobotoBoldItalic.uasset" 159
"../../../Engine/Content/EngineFonts/Faces/RobotoItalic.uasset" 160
"../../../Engine/Content/EngineFonts/Faces/RobotoLight.uasset" 161
"../../../Engine/Content/EngineFonts/Faces/RobotoRegular.uasset" 162
"../../../Engine/Content/EngineFonts/Roboto.uasset" 163
"../../../Engine/Content/EngineFonts/Faces/RobotoTiny.uasset" 164
"../../../Engine/Content/EngineFonts/RobotoTiny.uasset" 165
"../../../Engine/Content/EngineMaterials/BaseFlattenDiffuseMap.uasset" 166
"../../../Engine/Content/EngineMaterials/BaseFlattenEmissiveMap.uasset" 167
"../../../Engine/Content/EngineMaterials/BaseFlattenGrayscaleMap.uasset" 168
"../../../Engine/Content/EngineMaterials/BaseFlattenNormalMap.uasset" 169
"../../../Engine/Content/EngineMaterials/BaseFlattenMaterial.uasset" 170
"../../../Engine/Content/EngineMaterials/DefaultBloomKernel.uasset" 171
"../../../Engine/Content/EngineMaterials/DefaultBokeh.uasset" 172
"../../../Engine/Content/EngineMaterials/DefaultDiffuse.uasset" 173
"../../../Engine/Content/EngineMaterials/DefaultDeferredDecalMaterial.uasset" 174
"../../../Engine/Content/EngineMaterials/DefaultLightFunctionMaterial.uasset" 175
"../../../Engine/Content/EngineMaterials/DefaultPhysicalMaterial.uasset" 176
"../../../Engine/Content/Functions/Engine_MaterialFunctions02/Utility/BreakOutFloat2Components.uasset" 177
"../../../Engine/Content/EngineMaterials/DefaultPostProcessMaterial.uasset" 178
"../../../Engine/Content/EngineFonts/RobotoDistanceField.uasset" 179
"../../../Engine/Content/EngineMaterials/DefaultTextMaterialOpaque.uasset" 180
"../../../Engine/Content/EngineMaterials/DefaultWhiteGrid.uasset" 181
"../../../Engine/Content/EngineMaterials/EditorBrushMaterial.uasset" 182
"../../../Engine/Content/EngineMaterials/Good64x64TilingNoiseHighFreq.uasset" 183
"../../../Engine/Content/EngineMaterials/MiniFont.uasset" 184
"../../../Engine/Content/EngineMaterials/InvalidLightmapSettings.uasset" 185
"../../../Engine/Content/EngineMaterials/M_InvalidLightmapSettings.uasset" 186
"../../../Engine/Content/Functions/Engine_MaterialFunctions02/WorldPositionOffset/CameraOffset.uasset" 187
"../../../Engine/Content/EngineMaterials/PhAT_JointLimitMaterial.uasset" 188
"../../../Engine/Content/EngineMaterials/PreintegratedSkinBRDF.uasset" 189
"../../../Engine/Content/EngineMaterials/RemoveSurfaceMaterial.uasset" 190
"../../../Engine/Content/EngineMaterials/WeightMapPlaceholderTexture.uasset" 191
"../../../Engine/Content/EngineResources/WhiteSquareTexture.uasset" 192
"../../../Engine/Content/EngineMaterials/Widget3DPassThrough.uasset" 193
"../../../Engine/Content/EngineMaterials/Widget3DPassThrough_Masked.uasset" 194
"../../../Engine/Content/EngineMaterials/Widget3DPassThrough_Opaque.uasset" 195
"../../../Engine/Content/EngineMaterials/Widget3DPassThrough_Masked_OneSided.uasset" 196
"../../../Engine/Content/EngineMaterials/Widget3DPassThrough_Opaque_OneSided.uasset" 197
"../../../Engine/Content/EngineMaterials/Widget3DPassThrough_Translucent.uasset" 198
"../../../Engine/Content/EngineMaterials/Widget3DPassThrough_Translucent_OneSided.uasset" 199
"../../../Engine/Content/EngineMeshes/Cylinder.uasset" 200
"../../../Engine/Content/EngineMeshes/Sphere.uasset" 201
"../../../Engine/Content/EngineResources/Black.uasset" 202
"../../../Engine/Content/EngineResources/DefaultTexture.uasset" 203
"../../../Engine/Content/EngineResources/DefaultTextureCube.uasset" 204
"../../../Engine/Content/EngineResources/DefaultVolumeTexture2D.uasset" 205
"../../../Engine/Content/EngineResources/DefaultVolumeTexture.uasset" 206
"../../../Engine/Content/EngineResources/GradientTexture0.uasset" 207
"../../../Engine/Content/EngineSounds/Master.uasset" 208
"../../../Engine/Content/Functions/Engine_MaterialFunctions01/Shading/ConvertFromDiffSpec.uasset" 209
"../../../Engine/Content/Functions/Engine_MaterialFunctions01/Shading/PowerToRoughness.uasset" 210
"../../../Engine/Content/Maps/Templates/Thumbnails/Default.uasset" 211
"../../../Engine/Content/Maps/Templates/Thumbnails/VR-Basic.uasset" 212
"../../../Engine/Content/MobileResources/T_MobileControls_texture.uasset" 213
"../../../Engine/Content/MobileResources/T_MobileMenu2.uasset" 214
"../../../Engine/Content/MobileResources/HUD/AnalogHat.uasset" 215
"../../../Engine/Content/MobileResources/HUD/VirtualJoystick_Background.uasset" 216
"../../../Engine/Content/MobileResources/HUD/VirtualJoystick_Thumb.uasset" 217
"../../../Engine/Content/MobileResources/HUD/DefaultVirtualJoysticks.uasset" 218
"../../../Engine/Content/MobileResources/HUD/LeftVirtualJoystickOnly.uasset" 219
"../../../Engine/Content/MobileResources/HUD/MobileHUDButton1_off.uasset" 220
"../../../Engine/Content/MobileResources/HUD/MobileHUDButton1_on.uasset" 221
"../../../Engine/Content/MobileResources/HUD/MobileHUDButton2_off.uasset" 222
"../../../Engine/Content/MobileResources/HUD/MobileHUDButton2_on.uasset" 223
"../../../Engine/Content/MobileResources/HUD/MobileHUDButton3.uasset" 224
"../../../Engine/Content/MobileResources/HUD/MobileHUDButtonFire.uasset" 225
"../../../Engine/Content/MobileResources/HUD/MobileHUDDirectionPad.uasset" 226
"../../../Engine/Content/MobileResources/HUD/MobileHUDDirectionPad2.uasset" 227
"../../../Engine/Content/MobileResources/HUD/MobileHUDDirectionPad3.uasset" 228
"../../../Engine/Content/MobileResources/HUD/MobileHUDDirectionStick.uasset" 229
"../../../Engine/Content/MobileResources/HUD/T_Castle_ThumbstickInner.uasset" 230
"../../../Engine/Content/MobileResources/HUD/T_Castle_ThumbstickOutter.uasset" 231
"../../../Engine/Content/Tutorial/ContentIntroCurve.uasset" 232
"../../../Engine/Content/Tutorial/Basics/LevelEditorAttract.uasset" 233
"../../../Engine/Content/VREditor/LaserPointer/VR_LaserPower_01.uasset" 234
"../../../Engine/Content/VREditor/TransformGizmo/TransformGizmoMaterial.uasset" 235
"../../../Engine/Content/VREditor/TransformGizmo/TranslucentTransformGizmoMaterial.uasset" 236
"../../../Engine/Content/VREditor/TransformGizmo/BoundingBoxCorner.uasset" 237
"../../../Engine/Content/VREditor/TransformGizmo/BoundingBoxEdge.uasset" 238
"../../../Engine/Content/VREditor/TransformGizmo/PlaneTranslationHandle.uasset" 239
"../../../Engine/Content/VREditor/TransformGizmo/Main.uasset" 240
"../../../Engine/Content/VREditor/TransformGizmo/Xray.uasset" 241
"../../../Engine/Content/VREditor/TransformGizmo/SM_Sequencer_Key.uasset" 242
"../../../Engine/Content/VREditor/TransformGizmo/SM_Sequencer_Node.uasset" 243
"../../Plugins/2D/Paper2D/Content/PlaceholderTextures/DummySpriteTexture.uasset" 244
"../../Plugins/2D/Paper2D/Content/DummySprite.uasset" 245
"../../Plugins/2D/Paper2D/Content/DefaultPaperTerrainMaterial.uasset" 246
"../../Plugins/2D/Paper2D/Content/DummySpriteTexture.uasset" 247
"../../Plugins/2D/Paper2D/Content/DefaultSpriteMaterial.uasset" 248
"../../Plugins/2D/Paper2D/Content/MaskedUnlitSpriteMaterial.uasset" 249
"../../Plugins/2D/Paper2D/Content/OpaqueUnlitSpriteMaterial.uasset" 250
"../../Plugins/Runtime/Oculus/OculusVR/Content/OculusMR_RenderTarget.uasset" 251
"../../../Engine/Content/Functions/Engine_MaterialFunctions02/Utility/BreakOutFloat4Components.uasset" 252
"../../../Engine/Content/Functions/Engine_MaterialFunctions02/Utility/MakeFloat2.uasset" 253
"../../../Engine/Content/Functions/Engine_MaterialFunctions02/Utility/MakeFloat3.uasset" 254
"../../Plugins/Runtime/Oculus/OculusVR/Content/Materials/OculusMR_ChromaKey.uasset" 255
"../../Plugins/Runtime/Oculus/OculusVR/Content/Materials/OculusMR_ChromaKey_Lit.uasset" 256
"../../Plugins/Runtime/Oculus/OculusVR/Content/Materials/OculusMR_OpaqueColoredMaterial.uasset" 257
"../../Plugins/Runtime/Oculus/OculusVR/Content/Materials/OculusMR_WhiteMaterial.uasset" 258
"../../Plugins/Runtime/Oculus/OculusVR/Content/Materials/PokeAHoleMaterial.uasset" 259
"../../Plugins/Runtime/Oculus/OculusVR/Content/Textures/GearVRController_AO.uasset" 260
"../../Plugins/Runtime/Oculus/OculusVR/Content/Textures/GearVRController_Color.uasset" 261
"../../Plugins/Runtime/Oculus/OculusVR/Content/Textures/GearVRController_Normal.uasset" 262
"../../Plugins/Runtime/Oculus/OculusVR/Content/Materials/GearVRControllerMaterial.uasset" 263
"../../Plugins/Runtime/Oculus/OculusVR/Content/Meshes/GearVrController.uasset" 264
"../../Plugins/Runtime/Oculus/OculusVR/Content/Textures/touchController_albedo.uasset" 265
"../../Plugins/Runtime/Oculus/OculusVR/Content/Textures/touchController_controlmap.uasset" 266
"../../Plugins/Runtime/Oculus/OculusVR/Content/Materials/touchController_mat.uasset" 267
"../../Plugins/Runtime/Oculus/OculusVR/Content/Meshes/LeftTouchController.uasset" 268
"../../Plugins/Runtime/Oculus/OculusVR/Content/Meshes/RiftHMD.uasset" 269
"../../Plugins/Runtime/Oculus/OculusVR/Content/Meshes/RightTouchController.uasset" 270
"../../../../../../Users/theja/git/Dungeon2Official/Content/BluePrints/GenericBlackboard.uasset" 271
"../../../../../../Users/theja/git/Dungeon2Official/Content/BluePrints/GenericService_BlueprintBase.uasset" 272
"../../../../../../Users/theja/git/Dungeon2Official/Content/BluePrints/GoodbyeTask.uasset" 273
"../../../../../../Users/theja/git/Dungeon2Official/Content/BluePrints/HelloTask.uasset" 274
"../../../../../../Users/theja/git/Dungeon2Official/Content/BluePrints/GenericBehaviorTree.uasset" 275
"../../../../../../Users/theja/git/Dungeon2Official/Content/BluePrints/GenericAIController.uasset" 276
"../../../Engine/Content/BasicShapes/Cylinder.uasset" 277
"../../../../../../Users/theja/git/Dungeon2Official/Content/StevensEnemy/Enemy_Blueprint.uasset" 278
"../../../Engine/Content/EngineSky/C_Sky_Cloud_Color.uasset" 279
"../../../Engine/Content/EngineSky/C_Sky_Horizon_Color.uasset" 280
"../../../Engine/Content/EngineSky/C_Sky_Zenith_Color.uasset" 281
"../../../Engine/Content/EngineSky/T_Sky_Blue.uasset" 282
"../../../Engine/Content/EngineSky/T_Sky_Clouds_M.uasset" 283
"../../../Engine/Content/EngineSky/T_Sky_Stars.uasset" 284
"../../../Engine/Content/EngineSky/M_Sky_Panning_Clouds2.uasset" 285
"../../../Engine/Content/EngineSky/SM_SkySphere.uasset" 286
"../../../Engine/Content/EngineSky/BP_Sky_Sphere.uasset" 287
"../../../../../../Users/theja/git/Dungeon2Official/Content/Meshes/Health.uasset" 288
"../../../../../../Users/theja/git/Dungeon2Official/Content/Meshes/HealthPickup_StaticMesh.uasset" 289
"../../../../../../Users/theja/git/Dungeon2Official/Content/BluePrints/HealthPickupBluePrint.uasset" 290
"../../../../../../Users/theja/git/Dungeon2Official/Content/BluePrints/OriginalGameMode.uasset" 291
"../../../../../../Users/theja/git/Dungeon2Official/Content/ThirdPersonBP/Delay.uasset" 292
"../../../../../../Users/theja/git/Dungeon2Official/Content/Maps/CorrectMap_BuiltData.uasset" 293
"../../../../../../Users/theja/git/Dungeon2Official/Content/BluePrints/HealthBar/HealthBar.uasset" 294
"../../../../../../Users/theja/git/Dungeon2Official/Content/Geometry/Meshes/TemplateFloor.uasset" 295
"../../../../../../Users/theja/git/Dungeon2Official/Content/Maps/CorrectMap.umap" 296
"../../../../../../Users/theja/git/Dungeon2Official/Content/Maps/EnemyBuild_BuiltData.uasset" 297
"../../../../../../Users/theja/git/Dungeon2Official/Content/Maps/EnemyBuild.umap" 298
"../../../../../../Users/theja/git/Dungeon2Official/Content/Meshes/ElectricShockPickup_StaticMesh.uasset" 299
"../../../../../../Users/theja/git/Dungeon2Official/Content/BluePrints/ElectricShockPickupBlueprint.uasset" 300
"../../../../../../Users/theja/git/Dungeon2Official/Content/Meshes/Metal.uasset" 301
"../../../../../../Users/theja/git/Dungeon2Official/Content/BluePrints/JemonFail/Generator_StaticMesh.uasset" 302
"../../../../../../Users/theja/git/Dungeon2Official/Content/BluePrints/JemonFail/Generator_StaticMesh_Blueprint.uasset" 303
"../../../../../../Users/theja/git/Dungeon2Official/Content/BluePrints/JemonFail/DoorSwitch.uasset" 304
"../../../../../../Users/theja/git/Dungeon2Official/Content/BluePrints/PlayerKiller.uasset" 305
"../../../../../../Users/theja/git/Dungeon2Official/Content/ThirdPersonBP/StunnableTurret.uasset" 306
"../../../../../../Users/theja/git/Dungeon2Official/Content/Maps/KeyItemMap_BuiltData.uasset" 307
"../../../../../../Users/theja/git/Dungeon2Official/Content/Maps/KeyItemMap.umap" 308
"../../../../../../Users/theja/git/Dungeon2Official/Content/AI/BluePrints/AI/Bp_EnemyCharger.uasset" 309
"../../../../../../Users/theja/git/Dungeon2Official/Content/StuffINeedOrSOmethingALongThoseLines/Enemy_Blueprint1.uasset" 310
"../../../../../../Users/theja/git/Dungeon2Official/Content/ROOM1-6DETAILSandMATS/Room3_Entrance/BlueDoorColor.uasset" 311
"../../../../../../Users/theja/git/Dungeon2Official/Content/ROOM1-6DETAILSandMATS/Room3_Entrance/BlueDoor1.uasset" 312
"../../../../../../Users/theja/git/Dungeon2Official/Content/ROOM1-6DETAILSandMATS/Room6_PillarPuzzle/BlueKey.uasset" 313
"../../../../../../Users/theja/git/Dungeon2Official/Content/Meshes/DisappearingWall_StaticMesh.uasset" 314
"../../../../../../Users/theja/git/Dungeon2Official/Content/BluePrints/DisappearingWallBlueprint.uasset" 315
"../../../../../../Users/theja/git/Dungeon2Official/Content/NecessaryFiles/SlowProjecto.uasset" 316
"../../../../../../Users/theja/git/Dungeon2Official/Content/Meshes/WallGenerator_StaticMesh.uasset" 317
"../../../../../../Users/theja/git/Dungeon2Official/Content/BluePrints/WallGeneratorBlueprint.uasset" 318
"../../../../../../Users/theja/git/Dungeon2Official/Content/NecessaryFiles/DoorSwitch.uasset" 319
"../../../../../../Users/theja/git/Dungeon2Official/Content/NecessaryFiles/Metal.uasset" 320
"../../../../../../Users/theja/git/Dungeon2Official/Content/NecessaryFiles/DestroyableSwitch_StaticMesh.uasset" 321
"../../../../../../Users/theja/git/Dungeon2Official/Content/NecessaryFiles/DestroyableSwitch.uasset" 322
"../../../../../../Users/theja/git/Dungeon2Official/Content/NecessaryFiles/WideBullet.uasset" 323
"../../../../../../Users/theja/git/Dungeon2Official/Content/NecessaryFiles/MiniBoss_StaticMesh.uasset" 324
"../../../../../../Users/theja/git/Dungeon2Official/Content/NecessaryFiles/MinibossBlueprint2.uasset" 325
"../../../../../../Users/theja/git/Dungeon2Official/Content/NecessaryFiles/WallGeneratorBlueprint.uasset" 326
"../../../../../../Users/theja/git/Dungeon2Official/Content/ROOM1-6DETAILSandMATS/Room3_Entrance/GreenDoor1.uasset" 327
"../../../../../../Users/theja/git/Dungeon2Official/Content/ColinsPort/MaterialsTP/SolidColors/BlackRoom.uasset" 328
"../../../../../../Users/theja/git/Dungeon2Official/Content/ColinsPort/MaterialsTP/Black.uasset" 329
"../../../../../../Users/theja/git/Dungeon2Official/Content/BlackRoomSpawn.uasset" 330
"../../../../../../Users/theja/git/Dungeon2Official/Content/TeleporterBase.uasset" 331
"../../../../../../Users/theja/git/Dungeon2Official/Content/Maps/MainCombinedMap_BuiltData.uasset" 332
"../../../../../../Users/theja/git/Dungeon2Official/Content/ColinsPort/MaterialsTP/EmissiveMats/ZRED.uasset" 333
"../../../../../../Users/theja/git/Dungeon2Official/Content/ColinsPort/MaterialsTP/EmissiveMats/Blue_Instance.uasset" 334
"../../../../../../Users/theja/git/Dungeon2Official/Content/ColinsPort/MaterialsTP/EmissiveMats/Gold_Instance.uasset" 335
"../../../../../../Users/theja/git/Dungeon2Official/Content/ColinsPort/MaterialsTP/EmissiveMats/Green_Instance.uasset" 336
"../../../../../../Users/theja/git/Dungeon2Official/Content/ColinsPort/MaterialsTP/EmissiveMats/Pink_Instance.uasset" 337
"../../../../../../Users/theja/git/Dungeon2Official/Content/ColinsPort/MaterialsTP/EmissiveMats/Purple_Instance.uasset" 338
"../../../../../../Users/theja/git/Dungeon2Official/Content/ColinsPort/MaterialsTP/EmissiveMats/Red_Instance.uasset" 339
"../../../../../../Users/theja/git/Dungeon2Official/Content/ColinsPort/MaterialsTP/EmissiveMats/White_Instance.uasset" 340
"../../../../../../Users/theja/git/Dungeon2Official/Content/Maps/MainCombinedMap.umap" 341
"../../../../../../Users/theja/git/Dungeon2Official/Content/Maps/MainDungeonMap_BuiltData.uasset" 342
"../../../../../../Users/theja/git/Dungeon2Official/Content/Maps/MainDungeonMap.umap" 343
"../../../../../../Users/theja/git/Dungeon2Official/Content/CompletedMap_BuiltData.uasset" 344
"../../../../../../Users/theja/git/Dungeon2Official/Content/ColinsPort/MaterialsTP/SolidColors/BlueRoom.uasset" 345
"../../../../../../Users/theja/git/Dungeon2Official/Content/ColinsPort/MaterialsTP/Blue.uasset" 346
"../../../../../../Users/theja/git/Dungeon2Official/Content/ColinsPort/MaterialsTP/Green.uasset" 347
"../../../../../../Users/theja/git/Dungeon2Official/Content/ColinsPort/MaterialsTP/SolidColors/PurpleRoom.uasset" 348
"../../../../../../Users/theja/git/Dungeon2Official/Content/ColinsPort/MaterialsTP/Purple.uasset" 349
"../../../../../../Users/theja/git/Dungeon2Official/Content/ColinsPort/MaterialsTP/SolidColors/RedRoom.uasset" 350
"../../../../../../Users/theja/git/Dungeon2Official/Content/ColinsPort/MaterialsTP/Red.uasset" 351
"../../../../../../Users/theja/git/Dungeon2Official/Content/StarterContent/Materials/M_Basic_Wall.uasset" 352
"../../../../../../Users/theja/git/Dungeon2Official/Content/StarterContent/Textures/T_MacroVariation.uasset" 353
"../../../../../../Users/theja/git/Dungeon2Official/Content/StarterContent/Textures/T_Metal_Gold_D.uasset" 354
"../../../../../../Users/theja/git/Dungeon2Official/Content/StarterContent/Textures/T_Metal_Gold_N.uasset" 355
"../../../../../../Users/theja/git/Dungeon2Official/Content/StarterContent/Materials/M_Metal_Gold.uasset" 356
"../../../../../../Users/theja/git/Dungeon2Official/Content/CompletedMap.umap" 357
"../../../../../../Users/theja/git/Dungeon2Official/Content/ColinsPort/TeleportPort_BuiltData.uasset" 358
"../../../../../../Users/theja/git/Dungeon2Official/Content/ColinsPort/TeleportPort.umap" 359
"../../../../../../Users/theja/git/Dungeon2Official/Content/JemonPortion/DungeonUI/BlueprintsUI/Controls.uasset" 360
"../../../../../../Users/theja/git/Dungeon2Official/Content/JemonPortion/DungeonUI/BlueprintsUI/MainMenu.uasset" 361
"../../../../../../Users/theja/git/Dungeon2Official/Content/JemonPortion/DungeonUI/LevelsUI/MainMenu.umap" 362
"../../../../../../Users/theja/git/Dungeon2Official/Content/Geometry/Meshes/1M_Cube_Chamfer.uasset" 363
"../../../../../../Users/theja/git/Dungeon2Official/Content/ThirdPerson/Meshes/RampMaterial.uasset" 364
"../../../../../../Users/theja/git/Dungeon2Official/Content/ThirdPerson/Meshes/Bump_StaticMesh.uasset" 365
"../../../../../../Users/theja/git/Dungeon2Official/Content/ThirdPerson/Meshes/LeftArm_StaticMesh.uasset" 366
"../../../../../../Users/theja/git/Dungeon2Official/Content/ThirdPerson/Meshes/Linear_Stair_StaticMesh.uasset" 367
"../../../../../../Users/theja/git/Dungeon2Official/Content/ThirdPerson/Meshes/Ramp_StaticMesh.uasset" 368
"../../../../../../Users/theja/git/Dungeon2Official/Content/ThirdPerson/Meshes/RightArm_StaticMesh.uasset" 369
"../../../../../../Users/theja/git/Dungeon2Official/Content/JemonPortion/DungeonUI/LevelsUI/World.umap" 370
"../../../../../../Users/theja/git/Dungeon2Official/Content/NecessaryFiles/MainDungeonMap.umap" 371
"../../../../../../Users/theja/git/Dungeon2Official/Content/ROOM1-6DETAILSandMATS/Maps/Dungeon2Room1_Turret.umap" 372
"../../../../../../Users/theja/git/Dungeon2Official/Content/ROOM1-6DETAILSandMATS/Maps/Dungeon2Room2_Jumper.umap" 373
"../../../../../../Users/theja/git/Dungeon2Official/Content/ROOM1-6DETAILSandMATS/Maps/Dungeon2Room3_Entrance.umap" 374
"../../../../../../Users/theja/git/Dungeon2Official/Content/ROOM1-6DETAILSandMATS/Maps/Dungeon2Room4_Charger.umap" 375
"../../../../../../Users/theja/git/Dungeon2Official/Content/ROOM1-6DETAILSandMATS/Maps/Dungeon2Room5_Wall.umap" 376
"../../../../../../Users/theja/git/Dungeon2Official/Content/ROOM1-6DETAILSandMATS/Maps/Dungeon2Room6_PillarPuzzle.umap" 377
"../../../../../../Users/theja/git/Dungeon2Official/Content/ROOM1-6DETAILSandMATS/Maps/Dungeon2Rooms1-6Combined_BuiltData.uasset" 378
"../../../../../../Users/theja/git/Dungeon2Official/Content/ROOM1-6DETAILSandMATS/Room6_PillarPuzzle/PillarCode.uasset" 379
"../../../../../../Users/theja/git/Dungeon2Official/Content/ROOM1-6DETAILSandMATS/Room6_PillarPuzzle/PillarCode_Mat.uasset" 380
"../../../../../../Users/theja/git/Dungeon2Official/Content/ROOM1-6DETAILSandMATS/Maps/Dungeon2Rooms1-6Combined.umap" 381
"../../../../../../Users/theja/git/Dungeon2Official/Content/StuffINeedOrSOmethingALongThoseLines/CorrectMap_BuiltData.uasset" 382
"../../../../../../Users/theja/git/Dungeon2Official/Content/StuffINeedOrSOmethingALongThoseLines/CorrectMap.umap" 383
"../../../../../../Users/theja/git/Dungeon2Official/Content/ThirdPersonBP/Maps/ThirdPersonExampleMap_BuiltData.uasset" 384
"../../../../../../Users/theja/git/Dungeon2Official/Content/ThirdPersonBP/Maps/ThirdPersonExampleMap.umap" 385
"../../../Engine/Content/Maps/Entry_BuiltData.uasset" 386
"../../../Engine/Content/Maps/Entry.umap" 387
